<?xml version="1.0" encoding="UTF-8"?>
<!-- Generated by org.testng.reporters.JUnitReportReporter -->
<testsuite hostname="Aleems-Mac-mini.local" failures="0" tests="1" name="Vdotok.Android.Testcases.AndroidCombineTest" time="17.847" errors="0" timestamp="22 Dec 2022 10:08:52 GMT" skipped="0">
  <testcase classname="Vdotok.Android.Testcases.AndroidCombineTest" name="SmokeTest" time="17.847"/>
</testsuite> <!-- Vdotok.Android.Testcases.AndroidCombineTest -->
