<?xml version="1.0" encoding="UTF-8"?>
<!-- Generated by org.testng.reporters.JUnitReportReporter -->
<testsuite skipped="1" hostname="Aleems-MacBook-Pro.local" name="Vdotok.Flutter.Testcases.FlutterCombineTest" tests="1" failures="0" timestamp="31 Oct 2022 10:32:54 GMT" time="0.000" errors="0">
  <testcase name="SmokeFLutterCombine" time="0.000" classname="Vdotok.Flutter.Testcases.FlutterCombineTest">
    <skipped/>
  </testcase> <!-- SmokeFLutterCombine -->
</testsuite> <!-- Vdotok.Flutter.Testcases.FlutterCombineTest -->
