<?xml version="1.0" encoding="UTF-8"?>
<!-- Generated by org.testng.reporters.JUnitReportReporter -->
<testsuite skipped="1" hostname="Aleems-MacBook-Pro.local" name="VTChat.VdoTok.VTChat.VdoTok.AndroidCombineTest" tests="1" failures="0" timestamp="12 Sep 2022 11:17:18 GMT" time="0.000" errors="0">
  <testcase name="SmokeAndroidCombine" time="0.000" classname="VTChat.VdoTok.VTChat.VdoTok.AndroidCombineTest">
    <skipped/>
  </testcase> <!-- SmokeAndroidCombine -->
</testsuite> <!-- VTChat.VdoTok.VTChat.VdoTok.AndroidCombineTest -->
